<?xml version="1.0" encoding="UTF-8"?>
<!-- Generated by org.testng.reporters.JUnitXMLReporter -->
<testsuite ignored="0" hostname="YP1012240LT" failures="0" tests="3" name="Amazon Regression Test_LandingPage_Chrome" time="23.631" errors="0" timestamp="2024-05-06T21:15:29 IST">
  <testcase classname="com.qa.amazon.tests.LandingPageTest" name="getLandingPageTitleTest" time="0.389"/>
  <testcase classname="com.qa.amazon.tests.LandingPageTest" name="getLandingPageURLTest" time="0.022"/>
  <testcase classname="com.qa.amazon.tests.LandingPageTest" name="verifyPresenceOfSignInBtnTest" time="0.116"/>
</testsuite> <!-- Amazon Regression Test_LandingPage_Chrome -->
