<?xml version="1.0" encoding="UTF-8"?>
<!-- Generated by org.testng.reporters.JUnitXMLReporter -->
<testsuite ignored="0" hostname="YP1012240LT" failures="0" tests="5" name="Amazon Regression Test_LandingPage_Edge" time="72.154" errors="0" timestamp="2024-05-09T13:17:46 IST">
  <testcase classname="com.qa.amazon.tests.LandingPageTest" name="getLandingPageTitleTest" time="0.332"/>
  <testcase classname="com.qa.amazon.tests.LandingPageTest" name="getLandingPageURLTest" time="0.164"/>
  <testcase classname="com.qa.amazon.tests.LandingPageTest" name="verifyHelloSignInText" time="0.304"/>
  <testcase classname="com.qa.amazon.tests.LandingPageTest" name="verifySignInBtnTest" time="1.437"/>
  <testcase classname="com.qa.amazon.tests.SignInPageTest" name="isSignInLogoDisplayedTest" time="0.096"/>
</testsuite> <!-- Amazon Regression Test_LandingPage_Edge -->
