<?xml version="1.0" encoding="UTF-8"?>
<!-- Generated by org.testng.reporters.JUnitXMLReporter -->
<testsuite ignored="0" hostname="YP1012240LT" failures="0" tests="2" name="Amazon Regression Test_LandingPage_Firefox" time="24.966" errors="0" timestamp="2024-04-30T11:24:26 IST">
  <testcase classname="com.qa.amazon.tests.LandingPageTest" name="getLandingPageTitleTest" time="0.129"/>
  <testcase classname="com.qa.amazon.tests.LandingPageTest" name="getLandingPageURLTest" time="0.015"/>
</testsuite> <!-- Amazon Regression Test_LandingPage_Firefox -->
