<?xml version="1.0" encoding="UTF-8"?>
<!-- Generated by org.testng.reporters.JUnitXMLReporter -->
<testsuite ignored="0" hostname="YP1012240LT" failures="0" tests="5" name="Amazon Regression Test_LandingPage_Edge" time="65.887" errors="0" timestamp="2024-05-14T12:12:43 IST">
  <testcase classname="com.qa.amazon.tests.LandingPageTest" name="getLandingPageTitleTest" time="0.515"/>
  <testcase classname="com.qa.amazon.tests.LandingPageTest" name="getLandingPageURLTest" time="0.393"/>
  <testcase classname="com.qa.amazon.tests.LandingPageTest" name="verifyHelloSignInText" time="0.569"/>
  <testcase classname="com.qa.amazon.tests.LandingPageTest" name="verifySignInBtnTest" time="0.96"/>
  <testcase classname="com.qa.amazon.tests.SignInPageTest" name="isSignInLogoDisplayedTest" time="0.205"/>
</testsuite> <!-- Amazon Regression Test_LandingPage_Edge -->
