<?xml version="1.0" encoding="UTF-8"?>
<!-- Generated by org.testng.reporters.JUnitXMLReporter -->
<testsuite ignored="0" hostname="YP1012240LT" failures="0" tests="2" name="Amazon Regression Test_LandingPage_Chrome" time="29.731" errors="0" timestamp="2024-04-30T10:02:33 IST">
  <testcase classname="com.qa.amazon.tests.LandingPageTest" name="getLandingPageTitleTest" time="0.13"/>
  <testcase classname="com.qa.amazon.tests.LandingPageTest" name="getLandingPageURLTest" time="0.067"/>
</testsuite> <!-- Amazon Regression Test_LandingPage_Chrome -->
