<?xml version="1.0" encoding="UTF-8"?>
<testng-results ignored="0" total="1" passed="1" failed="0" skipped="0">
  <reporter-output>
  </reporter-output>
  <suite started-at="2024-04-24T13:57:58 IST" name="Default suite" finished-at="2024-04-24T13:58:09 IST" duration-ms="11648">
    <groups>
    </groups>
    <test started-at="2024-04-24T13:57:58 IST" name="Default test" finished-at="2024-04-24T13:58:09 IST" duration-ms="11648">
      <class name="com.qa.amazon.base.Base">
        <test-method is-config="true" signature="init_prop()[pri:0, instance:com.qa.amazon.base.Base@19932c16]" started-at="2024-04-24T13:57:58 IST" name="init_prop" finished-at="2024-04-24T13:57:58 IST" duration-ms="21" status="PASS">
          <reporter-output>
          </reporter-output>
        </test-method> <!-- init_prop -->
        <test-method signature="init_driver()[pri:0, instance:com.qa.amazon.base.Base@19932c16]" started-at="2024-04-24T13:57:58 IST" name="init_driver" finished-at="2024-04-24T13:58:09 IST" duration-ms="11580" status="PASS">
          <reporter-output>
          </reporter-output>
        </test-method> <!-- init_driver -->
      </class> <!-- com.qa.amazon.base.Base -->
    </test> <!-- Default test -->
  </suite> <!-- Default suite -->
</testng-results>
